[debug] [2023-12-26T13:00:43.136Z] ----------------------------------------------------------------------
[debug] [2023-12-26T13:00:43.144Z] Command:       C:\Program Files\nodejs\node.exe C:\Users\Emma\Desktop\VSC\piaemmiawebapp\node_modules\firebase-tools\lib\bin\firebase.js init
[debug] [2023-12-26T13:00:43.145Z] CLI Version:   13.0.2
[debug] [2023-12-26T13:00:43.145Z] Platform:      win32
[debug] [2023-12-26T13:00:43.146Z] Node Version:  v20.10.0
[debug] [2023-12-26T13:00:43.147Z] Time:          Tue Dec 26 2023 14:00:43 GMT+0100 (Central European Standard Time)
[debug] [2023-12-26T13:00:43.147Z] ----------------------------------------------------------------------
[debug] 
[debug] [2023-12-26T13:00:43.153Z] >>> [apiv2][query] GET https://firebase-public.firebaseio.com/cli.json [none]
[debug] [2023-12-26T13:00:43.251Z] > command requires scopes: ["email","openid","https://www.googleapis.com/auth/cloudplatformprojects.readonly","https://www.googleapis.com/auth/firebase","https://www.googleapis.com/auth/cloud-platform"]
[debug] [2023-12-26T13:00:43.251Z] > authorizing via signed-in user (piaemmia@gmail.com)
[info] 
     ######## #### ########  ######## ########     ###     ######  ########
     ##        ##  ##     ## ##       ##     ##  ##   ##  ##       ##
     ######    ##  ########  ######   ########  #########  ######  ######
     ##        ##  ##    ##  ##       ##     ## ##     ##       ## ##
     ##       #### ##     ## ######## ########  ##     ##  ######  ########

You're about to initialize a Firebase project in this directory:

  C:\Users\Emma\Desktop\VSC\piaemmiawebapp

[debug] [2023-12-26T13:00:43.635Z] <<< [apiv2][status] GET https://firebase-public.firebaseio.com/cli.json 200
[debug] [2023-12-26T13:00:43.636Z] <<< [apiv2][body] GET https://firebase-public.firebaseio.com/cli.json {"cloudBuildErrorAfter":1594252800000,"cloudBuildWarnAfter":1590019200000,"defaultNode10After":1594252800000,"minVersion":"3.0.5","node8DeploysDisabledAfter":1613390400000,"node8RuntimeDisabledAfter":1615809600000,"node8WarnAfter":1600128000000}
[info] 
=== Project Setup
[info] 
[info] First, let's associate this project directory with a Firebase project.
[info] You can create multiple project aliases by running firebase use --add, 
[info] but for now we'll just set up a default project.
[info] 
[debug] [2023-12-26T13:02:13.276Z] > refreshing access token with scopes: []
[debug] [2023-12-26T13:02:13.278Z] >>> [apiv2][query] POST https://www.googleapis.com/oauth2/v3/token [none]
[debug] [2023-12-26T13:02:13.278Z] >>> [apiv2][body] POST https://www.googleapis.com/oauth2/v3/token [omitted]
[debug] [2023-12-26T13:02:13.550Z] <<< [apiv2][status] POST https://www.googleapis.com/oauth2/v3/token 200
[debug] [2023-12-26T13:02:13.550Z] <<< [apiv2][body] POST https://www.googleapis.com/oauth2/v3/token [omitted]
[debug] [2023-12-26T13:02:13.582Z] >>> [apiv2][query] GET https://firebase.googleapis.com/v1beta1/projects pageSize=100
[debug] [2023-12-26T13:02:14.252Z] <<< [apiv2][status] GET https://firebase.googleapis.com/v1beta1/projects 200
[debug] [2023-12-26T13:02:14.253Z] <<< [apiv2][body] GET https://firebase.googleapis.com/v1beta1/projects [omitted]
[info] i  Using project piaemmia-e3006 (piaemmia) 
[info] 
=== Hosting Setup
[debug] [2023-12-26T13:02:16.795Z] >>> [apiv2][query] GET https://firebase.googleapis.com/v1beta1/projects/piaemmia-e3006 [none]
[debug] [2023-12-26T13:02:16.992Z] <<< [apiv2][status] GET https://firebase.googleapis.com/v1beta1/projects/piaemmia-e3006 200
[debug] [2023-12-26T13:02:16.992Z] <<< [apiv2][body] GET https://firebase.googleapis.com/v1beta1/projects/piaemmia-e3006 {"projectId":"piaemmia-e3006","projectNumber":"59549698890","displayName":"piaemmia","name":"projects/piaemmia-e3006","resources":{"hostingSite":"piaemmia-e3006","storageBucket":"piaemmia-e3006.appspot.com","locationId":"europe-west3"},"state":"ACTIVE","etag":"1_a56632f0-305d-46ee-add6-19fd9e5d74d4"}
[info] 
[info] i  Didn't detect a .git folder. Assuming C:\Users\Emma\Desktop\VSC\piaemmiawebapp is the project root. 
[info] i  Authorizing with GitHub to upload your service account to a GitHub repository's secrets store. 
[info] 
[info] Visit this URL on this device to log in:
[info] https://github.com/login/oauth/authorize?client_id=89cf50f02ac6aaed3484&state=457002821&redirect_uri=http%3A%2F%2Flocalhost%3A9005&scope=read%3Auser%20repo%20public_repo
[info] 
[info] Waiting for authentication...
[debug] [2023-12-26T13:05:13.846Z] >>> [apiv2][query] POST https://github.com/login/oauth/access_token [none]
[debug] [2023-12-26T13:05:13.847Z] >>> [apiv2][body] POST https://github.com/login/oauth/access_token [stream]
[debug] [2023-12-26T13:05:14.151Z] <<< [apiv2][status] POST https://github.com/login/oauth/access_token 200
[debug] [2023-12-26T13:05:14.151Z] <<< [apiv2][body] POST https://github.com/login/oauth/access_token {"access_token":"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","token_type":"bearer","scope":"read:user,repo"}
[debug] [2023-12-26T13:05:14.168Z] >>> [apiv2][query] GET https://api.github.com/user [none]
[debug] [2023-12-26T13:05:14.483Z] <<< [apiv2][status] GET https://api.github.com/user 200
[debug] [2023-12-26T13:05:14.483Z] <<< [apiv2][body] GET https://api.github.com/user {"login":"piaemmia","id":62485614,"node_id":"MDQ6VXNlcjYyNDg1NjE0","avatar_url":"https://avatars.githubusercontent.com/u/62485614?v=4","gravatar_id":"","url":"https://api.github.com/users/piaemmia","html_url":"https://github.com/piaemmia","followers_url":"https://api.github.com/users/piaemmia/followers","following_url":"https://api.github.com/users/piaemmia/following{/other_user}","gists_url":"https://api.github.com/users/piaemmia/gists{/gist_id}","starred_url":"https://api.github.com/users/piaemmia/starred{/owner}{/repo}","subscriptions_url":"https://api.github.com/users/piaemmia/subscriptions","organizations_url":"https://api.github.com/users/piaemmia/orgs","repos_url":"https://api.github.com/users/piaemmia/repos","events_url":"https://api.github.com/users/piaemmia/events{/privacy}","received_events_url":"https://api.github.com/users/piaemmia/received_events","type":"User","site_admin":false,"name":"Emma","company":null,"blog":"piaemmia.com","location":null,"email":null,"hireable":null,"bio":null,"twitter_username":null,"public_repos":1,"public_gists":0,"followers":0,"following":0,"created_at":"2020-03-21T21:25:16Z","updated_at":"2023-12-21T17:28:53Z","private_gists":0,"total_private_repos":0,"owned_private_repos":0,"disk_usage":5376,"collaborators":0,"two_factor_authentication":false,"plan":{"name":"free","space":976562499,"collaborators":0,"private_repos":10000}}
[info] 
[info] +  Success! Logged into GitHub as piaemmia 
[info] 
[debug] [2023-12-26T13:05:27.872Z] >>> [apiv2][query] GET https://api.github.com/repos//actions/secrets/public-key type=owner
[debug] [2023-12-26T13:05:28.120Z] <<< [apiv2][status] GET https://api.github.com/repos//actions/secrets/public-key 404
[debug] [2023-12-26T13:05:28.120Z] <<< [apiv2][body] GET https://api.github.com/repos//actions/secrets/public-key {"message":"Not Found","documentation_url":"https://docs.github.com/rest"}
[info] 
[info] 
[error] !  The provided authorization cannot be used with this repository. If this repository is in an organization, did you remember to grant access? 
[info] 
[info] i  Action required: Visit this URL to ensure access has been granted to the appropriate organization(s) for the Firebase CLI GitHub OAuth App: 
[info] https://github.com/settings/connections/applications/89cf50f02ac6aaed3484
[info] 
[debug] [2023-12-26T13:05:36.973Z] >>> [apiv2][query] GET https://api.github.com/repos/piaemmiawebapp/actions/secrets/public-key type=owner
[debug] [2023-12-26T13:05:37.230Z] <<< [apiv2][status] GET https://api.github.com/repos/piaemmiawebapp/actions/secrets/public-key 404
[debug] [2023-12-26T13:05:37.230Z] <<< [apiv2][body] GET https://api.github.com/repos/piaemmiawebapp/actions/secrets/public-key {"message":"Not Found","documentation_url":"https://docs.github.com/rest"}
[info] 
[info] 
[error] !  The provided authorization cannot be used with this repository. If this repository is in an organization, did you remember to grant access? 
[info] 
[info] i  Action required: Visit this URL to ensure access has been granted to the appropriate organization(s) for the Firebase CLI GitHub OAuth App: 
[info] https://github.com/settings/connections/applications/89cf50f02ac6aaed3484
[info] 
[debug] [2023-12-26T13:05:43.033Z] >>> [apiv2][query] GET https://api.github.com/repos/piaemmia/actions/secrets/public-key type=owner
[debug] [2023-12-26T13:05:43.431Z] <<< [apiv2][status] GET https://api.github.com/repos/piaemmia/actions/secrets/public-key 404
[debug] [2023-12-26T13:05:43.432Z] <<< [apiv2][body] GET https://api.github.com/repos/piaemmia/actions/secrets/public-key {"message":"Not Found","documentation_url":"https://docs.github.com/rest"}
[info] 
[info] 
[error] !  The provided authorization cannot be used with this repository. If this repository is in an organization, did you remember to grant access? 
[info] 
[info] i  Action required: Visit this URL to ensure access has been granted to the appropriate organization(s) for the Firebase CLI GitHub OAuth App: 
[info] https://github.com/settings/connections/applications/89cf50f02ac6aaed3484
[info] 
